[2019-12-22 18:31:54.730] [log] [debug] Sink file:"../../logs/log.log" attached to logger
[2019-12-22 18:31:54.740] [log] [trace] Starting cycle 0 (0% Complete)
[2019-12-22 18:31:54.745] [log] [trace] Starting cycle 1 (0.666667% Complete)
[2019-12-22 18:31:54.750] [log] [trace] Starting cycle 2 (1.33333% Complete)
[2019-12-22 18:31:54.754] [log] [trace] Starting cycle 3 (2% Complete)
[2019-12-22 18:31:54.759] [log] [trace] Starting cycle 4 (2.66667% Complete)
[2019-12-22 18:31:54.764] [log] [trace] Starting cycle 5 (3.33333% Complete)
[2019-12-22 18:31:54.769] [log] [trace] Starting cycle 6 (4% Complete)
[2019-12-22 18:31:54.774] [log] [trace] Starting cycle 7 (4.66667% Complete)
[2019-12-22 18:31:54.779] [log] [trace] Starting cycle 8 (5.33333% Complete)
[2019-12-22 18:31:54.784] [log] [trace] Starting cycle 9 (6% Complete)
[2019-12-22 18:31:54.788] [log] [trace] Starting cycle 10 (6.66667% Complete)
[2019-12-22 18:31:54.793] [log] [trace] Starting cycle 11 (7.33333% Complete)
[2019-12-22 18:31:54.798] [log] [trace] Starting cycle 12 (8% Complete)
[2019-12-22 18:31:54.803] [log] [trace] Starting cycle 13 (8.66667% Complete)
[2019-12-22 18:31:54.808] [log] [trace] Starting cycle 14 (9.33333% Complete)
[2019-12-22 18:31:54.813] [log] [trace] Starting cycle 15 (10% Complete)
[2019-12-22 18:31:54.818] [log] [trace] Starting cycle 16 (10.6667% Complete)
[2019-12-22 18:31:54.823] [log] [trace] Starting cycle 17 (11.3333% Complete)
[2019-12-22 18:31:54.827] [log] [trace] Starting cycle 18 (12% Complete)
[2019-12-22 18:31:54.832] [log] [trace] Starting cycle 19 (12.6667% Complete)
[2019-12-22 18:31:54.837] [log] [trace] Starting cycle 20 (13.3333% Complete)
[2019-12-22 18:31:54.842] [log] [trace] Starting cycle 21 (14% Complete)
[2019-12-22 18:31:54.847] [log] [trace] Starting cycle 22 (14.6667% Complete)
[2019-12-22 18:31:54.852] [log] [trace] Starting cycle 23 (15.3333% Complete)
[2019-12-22 18:31:54.857] [log] [trace] Starting cycle 24 (16% Complete)
[2019-12-22 18:31:54.862] [log] [trace] Starting cycle 25 (16.6667% Complete)
[2019-12-22 18:31:54.867] [log] [trace] Starting cycle 26 (17.3333% Complete)
[2019-12-22 18:31:54.871] [log] [trace] Starting cycle 27 (18% Complete)
[2019-12-22 18:31:54.876] [log] [trace] Starting cycle 28 (18.6667% Complete)
[2019-12-22 18:31:54.881] [log] [trace] Starting cycle 29 (19.3333% Complete)
[2019-12-22 18:31:54.886] [log] [trace] Starting cycle 30 (20% Complete)
[2019-12-22 18:31:54.891] [log] [trace] Starting cycle 31 (20.6667% Complete)
[2019-12-22 18:31:54.896] [log] [trace] Starting cycle 32 (21.3333% Complete)
[2019-12-22 18:31:54.900] [log] [trace] Starting cycle 33 (22% Complete)
[2019-12-22 18:31:54.905] [log] [trace] Starting cycle 34 (22.6667% Complete)
[2019-12-22 18:31:54.910] [log] [trace] Starting cycle 35 (23.3333% Complete)
[2019-12-22 18:31:54.915] [log] [trace] Starting cycle 36 (24% Complete)
[2019-12-22 18:31:54.920] [log] [trace] Starting cycle 37 (24.6667% Complete)
[2019-12-22 18:31:54.925] [log] [trace] Starting cycle 38 (25.3333% Complete)
[2019-12-22 18:31:54.930] [log] [trace] Starting cycle 39 (26% Complete)
[2019-12-22 18:31:54.935] [log] [trace] Starting cycle 40 (26.6667% Complete)
[2019-12-22 18:31:54.940] [log] [trace] Starting cycle 41 (27.3333% Complete)
[2019-12-22 18:31:54.944] [log] [trace] Starting cycle 42 (28% Complete)
[2019-12-22 18:31:54.949] [log] [trace] Starting cycle 43 (28.6667% Complete)
[2019-12-22 18:31:54.953] [log] [trace] Starting cycle 44 (29.3333% Complete)
[2019-12-22 18:31:54.958] [log] [trace] Starting cycle 45 (30% Complete)
[2019-12-22 18:31:54.962] [log] [trace] Starting cycle 46 (30.6667% Complete)
[2019-12-22 18:31:54.968] [log] [trace] Starting cycle 47 (31.3333% Complete)
[2019-12-22 18:31:54.972] [log] [trace] Starting cycle 48 (32% Complete)
[2019-12-22 18:31:54.976] [log] [trace] Starting cycle 49 (32.6667% Complete)
[2019-12-22 18:31:54.981] [log] [trace] Starting cycle 50 (33.3333% Complete)
[2019-12-22 18:31:54.986] [log] [trace] Starting cycle 51 (34% Complete)
[2019-12-22 18:31:54.990] [log] [trace] Starting cycle 52 (34.6667% Complete)
[2019-12-22 18:31:54.995] [log] [trace] Starting cycle 53 (35.3333% Complete)
[2019-12-22 18:31:54.999] [log] [trace] Starting cycle 54 (36% Complete)
[2019-12-22 18:31:55.004] [log] [trace] Starting cycle 55 (36.6667% Complete)
[2019-12-22 18:31:55.008] [log] [trace] Starting cycle 56 (37.3333% Complete)
[2019-12-22 18:31:55.013] [log] [trace] Starting cycle 57 (38% Complete)
[2019-12-22 18:31:55.018] [log] [trace] Starting cycle 58 (38.6667% Complete)
[2019-12-22 18:31:55.022] [log] [trace] Starting cycle 59 (39.3333% Complete)
[2019-12-22 18:31:55.027] [log] [trace] Starting cycle 60 (40% Complete)
[2019-12-22 18:31:55.031] [log] [trace] Starting cycle 61 (40.6667% Complete)
[2019-12-22 18:31:55.036] [log] [trace] Starting cycle 62 (41.3333% Complete)
[2019-12-22 18:31:55.040] [log] [trace] Starting cycle 63 (42% Complete)
[2019-12-22 18:31:55.045] [log] [trace] Starting cycle 64 (42.6667% Complete)
[2019-12-22 18:31:55.049] [log] [trace] Starting cycle 65 (43.3333% Complete)
[2019-12-22 18:31:55.054] [log] [trace] Starting cycle 66 (44% Complete)
[2019-12-22 18:31:55.058] [log] [trace] Starting cycle 67 (44.6667% Complete)
[2019-12-22 18:31:55.063] [log] [trace] Starting cycle 68 (45.3333% Complete)
[2019-12-22 18:31:55.068] [log] [trace] Starting cycle 69 (46% Complete)
[2019-12-22 18:31:55.072] [log] [trace] Starting cycle 70 (46.6667% Complete)
[2019-12-22 18:31:55.076] [log] [trace] Starting cycle 71 (47.3333% Complete)
[2019-12-22 18:31:55.081] [log] [trace] Starting cycle 72 (48% Complete)
[2019-12-22 18:31:55.085] [log] [trace] Starting cycle 73 (48.6667% Complete)
[2019-12-22 18:31:55.090] [log] [trace] Starting cycle 74 (49.3333% Complete)
[2019-12-22 18:31:55.094] [log] [trace] Starting cycle 75 (50% Complete)
[2019-12-22 18:31:55.099] [log] [trace] Starting cycle 76 (50.6667% Complete)
[2019-12-22 18:31:55.103] [log] [trace] Starting cycle 77 (51.3333% Complete)
[2019-12-22 18:31:55.108] [log] [trace] Starting cycle 78 (52% Complete)
[2019-12-22 18:31:55.113] [log] [trace] Starting cycle 79 (52.6667% Complete)
[2019-12-22 18:31:55.117] [log] [trace] Starting cycle 80 (53.3333% Complete)
[2019-12-22 18:31:55.122] [log] [trace] Starting cycle 81 (54% Complete)
[2019-12-22 18:31:55.126] [log] [trace] Starting cycle 82 (54.6667% Complete)
[2019-12-22 18:31:55.131] [log] [trace] Starting cycle 83 (55.3333% Complete)
[2019-12-22 18:31:55.135] [log] [trace] Starting cycle 84 (56% Complete)
[2019-12-22 18:31:55.140] [log] [trace] Starting cycle 85 (56.6667% Complete)
[2019-12-22 18:31:55.144] [log] [trace] Starting cycle 86 (57.3333% Complete)
[2019-12-22 18:31:55.149] [log] [trace] Starting cycle 87 (58% Complete)
[2019-12-22 18:31:55.153] [log] [trace] Starting cycle 88 (58.6667% Complete)
[2019-12-22 18:31:55.158] [log] [trace] Starting cycle 89 (59.3333% Complete)
[2019-12-22 18:31:55.162] [log] [trace] Starting cycle 90 (60% Complete)
[2019-12-22 18:31:55.167] [log] [trace] Starting cycle 91 (60.6667% Complete)
[2019-12-22 18:31:55.171] [log] [trace] Starting cycle 92 (61.3333% Complete)
[2019-12-22 18:31:55.176] [log] [trace] Starting cycle 93 (62% Complete)
[2019-12-22 18:31:55.180] [log] [trace] Starting cycle 94 (62.6667% Complete)
[2019-12-22 18:31:55.185] [log] [trace] Starting cycle 95 (63.3333% Complete)
[2019-12-22 18:31:55.190] [log] [trace] Starting cycle 96 (64% Complete)
[2019-12-22 18:31:55.194] [log] [trace] Starting cycle 97 (64.6667% Complete)
[2019-12-22 18:31:55.199] [log] [trace] Starting cycle 98 (65.3333% Complete)
[2019-12-22 18:31:55.203] [log] [trace] Starting cycle 99 (66% Complete)
[2019-12-22 18:31:55.208] [log] [trace] Starting cycle 100 (66.6667% Complete)
[2019-12-22 18:31:55.213] [log] [trace] Starting cycle 101 (67.3333% Complete)
[2019-12-22 18:31:55.218] [log] [trace] Starting cycle 102 (68% Complete)
[2019-12-22 18:31:55.222] [log] [trace] Starting cycle 103 (68.6667% Complete)
[2019-12-22 18:31:55.227] [log] [trace] Starting cycle 104 (69.3333% Complete)
[2019-12-22 18:31:55.231] [log] [trace] Starting cycle 105 (70% Complete)
[2019-12-22 18:31:55.236] [log] [trace] Starting cycle 106 (70.6667% Complete)
[2019-12-22 18:31:55.240] [log] [trace] Starting cycle 107 (71.3333% Complete)
[2019-12-22 18:31:55.245] [log] [trace] Starting cycle 108 (72% Complete)
[2019-12-22 18:31:55.250] [log] [trace] Starting cycle 109 (72.6667% Complete)
[2019-12-22 18:31:55.254] [log] [trace] Starting cycle 110 (73.3333% Complete)
[2019-12-22 18:31:55.259] [log] [trace] Starting cycle 111 (74% Complete)
[2019-12-22 18:31:55.263] [log] [trace] Starting cycle 112 (74.6667% Complete)
[2019-12-22 18:31:55.268] [log] [trace] Starting cycle 113 (75.3333% Complete)
[2019-12-22 18:31:55.272] [log] [trace] Starting cycle 114 (76% Complete)
[2019-12-22 18:31:55.277] [log] [trace] Starting cycle 115 (76.6667% Complete)
[2019-12-22 18:31:55.281] [log] [trace] Starting cycle 116 (77.3333% Complete)
[2019-12-22 18:31:55.286] [log] [trace] Starting cycle 117 (78% Complete)
[2019-12-22 18:31:55.291] [log] [trace] Starting cycle 118 (78.6667% Complete)
[2019-12-22 18:31:55.295] [log] [trace] Starting cycle 119 (79.3333% Complete)
[2019-12-22 18:31:55.300] [log] [trace] Starting cycle 120 (80% Complete)
[2019-12-22 18:31:55.305] [log] [trace] Starting cycle 121 (80.6667% Complete)
[2019-12-22 18:31:55.310] [log] [trace] Starting cycle 122 (81.3333% Complete)
[2019-12-22 18:31:55.315] [log] [trace] Starting cycle 123 (82% Complete)
[2019-12-22 18:31:55.320] [log] [trace] Starting cycle 124 (82.6667% Complete)
[2019-12-22 18:31:55.325] [log] [trace] Starting cycle 125 (83.3333% Complete)
[2019-12-22 18:31:55.330] [log] [trace] Starting cycle 126 (84% Complete)
[2019-12-22 18:31:55.335] [log] [trace] Starting cycle 127 (84.6667% Complete)
[2019-12-22 18:31:55.340] [log] [trace] Starting cycle 128 (85.3333% Complete)
[2019-12-22 18:31:55.345] [log] [trace] Starting cycle 129 (86% Complete)
[2019-12-22 18:31:55.350] [log] [trace] Starting cycle 130 (86.6667% Complete)
[2019-12-22 18:31:55.355] [log] [trace] Starting cycle 131 (87.3333% Complete)
[2019-12-22 18:31:55.360] [log] [trace] Starting cycle 132 (88% Complete)
[2019-12-22 18:31:55.364] [log] [trace] Starting cycle 133 (88.6667% Complete)
[2019-12-22 18:31:55.369] [log] [trace] Starting cycle 134 (89.3333% Complete)
[2019-12-22 18:31:55.374] [log] [trace] Starting cycle 135 (90% Complete)
[2019-12-22 18:31:55.380] [log] [trace] Starting cycle 136 (90.6667% Complete)
[2019-12-22 18:31:55.385] [log] [trace] Starting cycle 137 (91.3333% Complete)
[2019-12-22 18:31:55.390] [log] [trace] Starting cycle 138 (92% Complete)
[2019-12-22 18:31:55.394] [log] [trace] Starting cycle 139 (92.6667% Complete)
[2019-12-22 18:31:55.399] [log] [trace] Starting cycle 140 (93.3333% Complete)
[2019-12-22 18:31:55.404] [log] [trace] Starting cycle 141 (94% Complete)
[2019-12-22 18:31:55.409] [log] [trace] Starting cycle 142 (94.6667% Complete)
[2019-12-22 18:31:55.414] [log] [trace] Starting cycle 143 (95.3333% Complete)
[2019-12-22 18:31:55.419] [log] [trace] Starting cycle 144 (96% Complete)
[2019-12-22 18:31:55.424] [log] [trace] Starting cycle 145 (96.6667% Complete)
[2019-12-22 18:31:55.428] [log] [trace] Starting cycle 146 (97.3333% Complete)
[2019-12-22 18:31:55.433] [log] [trace] Starting cycle 147 (98% Complete)
[2019-12-22 18:31:55.438] [log] [trace] Starting cycle 148 (98.6667% Complete)
[2019-12-22 18:31:55.443] [log] [trace] Starting cycle 149 (99.3333% Complete)
[2019-12-22 18:31:55.448] [log] [debug] Completed 150 cycles in 0.707964 s
[2019-12-22 18:31:55.448] [log] [debug] Averaged 4719.76 µs per cycle